"../../../../../../Users/gofrk/Documents/Unreal Projects/ShooTingGame/Content/Maps/Base_Map.uasset" 0
"../../../../../../Users/gofrk/Documents/Unreal Projects/ShooTingGame/Content/Maps/Play_Map_BuiltData.uasset" 1
"../../../../../../Users/gofrk/Documents/Unreal Projects/ShooTingGame/Content/Maps/Base_Map_BuiltData.uasset" 2
"../../../../../../Users/gofrk/Documents/Unreal Projects/ShooTingGame/Content/Audio/BreakRockSound.uasset" 3
"../../../../../../Users/gofrk/Documents/Unreal Projects/ShooTingGame/Content/Audio/DragonDeathSound.uasset" 4
"../../../../../../Users/gofrk/Documents/Unreal Projects/ShooTingGame/Content/Audio/GatherLaserSound.uasset" 5
"../../../../../../Users/gofrk/Documents/Unreal Projects/ShooTingGame/Content/Audio/RifleShootingSound.uasset" 6
"../../../../../../Users/gofrk/Documents/Unreal Projects/ShooTingGame/Content/StarterContent/Textures/T_Perlin_Noise_M.uasset" 7
"../../../../../../Users/gofrk/Documents/Unreal Projects/ShooTingGame/Content/StarterContent/Textures/T_Wood_Floor_Walnut_D.uasset" 8
"../../../../../../Users/gofrk/Documents/Unreal Projects/ShooTingGame/Content/StarterContent/Textures/T_Wood_Floor_Walnut_M.uasset" 9
"../../../../../../Users/gofrk/Documents/Unreal Projects/ShooTingGame/Content/StarterContent/Textures/T_Wood_Floor_Walnut_N.uasset" 10
"../../../../../../Users/gofrk/Documents/Unreal Projects/ShooTingGame/Content/StarterContent/Materials/M_Wood_Floor_Walnut_Polished.uasset" 11
"../../../Engine/Content/Functions/Engine_MaterialFunctions02/Utility/BlendAngleCorrectedNormals.uasset" 12
"../../../../../../Users/gofrk/Documents/Unreal Projects/ShooTingGame/Content/StarterContent/Textures/T_Detail_Rocky_N.uasset" 13
"../../../../../../Users/gofrk/Documents/Unreal Projects/ShooTingGame/Content/StarterContent/Textures/T_Rock_Basalt_D.uasset" 14
"../../../../../../Users/gofrk/Documents/Unreal Projects/ShooTingGame/Content/StarterContent/Textures/T_RockMesh_M.uasset" 15
"../../../../../../Users/gofrk/Documents/Unreal Projects/ShooTingGame/Content/StarterContent/Textures/T_RockMesh_N.uasset" 16
"../../../../../../Users/gofrk/Documents/Unreal Projects/ShooTingGame/Content/StarterContent/Props/Materials/M_Rock.uasset" 17
"../../../../../../Users/gofrk/Documents/Unreal Projects/ShooTingGame/Content/Meshes/SM_Rock.uasset" 18
"../../../../../../Users/gofrk/Documents/Unreal Projects/ShooTingGame/Content/StarterContent/Textures/T_Fire_SubUV.uasset" 19
"../../../../../../Users/gofrk/Documents/Unreal Projects/ShooTingGame/Content/StarterContent/Textures/T_Fire_Tiled_D.uasset" 20
"../../../../../../Users/gofrk/Documents/Unreal Projects/ShooTingGame/Content/Particles/Materials/M_Fire_SubUV.uasset" 21
"../../../../../../Users/gofrk/Documents/Unreal Projects/ShooTingGame/Content/StarterContent/Textures/T_Water_N.uasset" 22
"../../../../../../Users/gofrk/Documents/Unreal Projects/ShooTingGame/Content/Particles/Materials/M_Heat_Distortion.uasset" 23
"../../../Engine/Content/Functions/Engine_MaterialFunctions01/Gradient/RadialGradient.uasset" 24
"../../../../../../Users/gofrk/Documents/Unreal Projects/ShooTingGame/Content/Particles/Materials/M_Radial_Gradient.uasset" 25
"../../../../../../Users/gofrk/Documents/Unreal Projects/ShooTingGame/Content/StarterContent/Textures/T_Smoke_SubUV.uasset" 26
"../../../../../../Users/gofrk/Documents/Unreal Projects/ShooTingGame/Content/StarterContent/Textures/T_Smoke_Tiled_D.uasset" 27
"../../../../../../Users/gofrk/Documents/Unreal Projects/ShooTingGame/Content/Particles/Materials/M_smoke_subUV.uasset" 28
"../../../../../../Users/gofrk/Documents/Unreal Projects/ShooTingGame/Content/Particles/P_Fire.uasset" 29
"../../../../../../Users/gofrk/Documents/Unreal Projects/ShooTingGame/Content/Blueprint/BP_FireShoot.uasset" 30
"../../../../../../Users/gofrk/Documents/Unreal Projects/ShooTingGame/Content/StarterContent/Textures/T_Door_M.uasset" 31
"../../../../../../Users/gofrk/Documents/Unreal Projects/ShooTingGame/Content/StarterContent/Textures/T_Door_N.uasset" 32
"../../../../../../Users/gofrk/Documents/Unreal Projects/ShooTingGame/Content/StarterContent/Props/Materials/M_Door.uasset" 33
"../../../../../../Users/gofrk/Documents/Unreal Projects/ShooTingGame/Content/StarterContent/Materials/M_Basic_Wall.uasset" 34
"../../../../../../Users/gofrk/Documents/Unreal Projects/ShooTingGame/Content/StarterContent/Shapes/Shape_NarrowCapsule.uasset" 35
"../../../../../../Users/gofrk/Documents/Unreal Projects/ShooTingGame/Content/Blueprint/BP_HealPack.uasset" 36
"../../../../../../Users/gofrk/Documents/Unreal Projects/ShooTingGame/Content/Meshes/BaseMaterial.uasset" 37
"../../../../../../Users/gofrk/Documents/Unreal Projects/ShooTingGame/Content/Meshes/BlueMaterial.uasset" 38
"../../../../../../Users/gofrk/Documents/Unreal Projects/ShooTingGame/Content/Audio/LaserShootSound.uasset" 39
"../../../../../../Users/gofrk/Documents/Unreal Projects/ShooTingGame/Content/StarterContent/Shapes/Shape_Pipe.uasset" 40
"../../../../../../Users/gofrk/Documents/Unreal Projects/ShooTingGame/Content/Blueprint/BP_LaserBeam.uasset" 41
"../../../../../../Users/gofrk/Documents/Unreal Projects/ShooTingGame/Content/StarterContent/Textures/T_Tech_Hex_Tile_M.uasset" 42
"../../../../../../Users/gofrk/Documents/Unreal Projects/ShooTingGame/Content/StarterContent/Textures/T_Tech_Hex_Tile_N.uasset" 43
"../../../../../../Users/gofrk/Documents/Unreal Projects/ShooTingGame/Content/StarterContent/Materials/M_Tech_Hex_Tile.uasset" 44
"../../../../../../Users/gofrk/Documents/Unreal Projects/ShooTingGame/Content/Meshes/YellowMaterial.uasset" 45
"../../../../../../Users/gofrk/Documents/Unreal Projects/ShooTingGame/Content/Meshes/Projectile.uasset" 46
"../../../../../../Users/gofrk/Documents/Unreal Projects/ShooTingGame/Content/Blueprint/BP_Rifle.uasset" 47
"../../../../../../Users/gofrk/Documents/Unreal Projects/ShooTingGame/Content/Blueprint/BP_WeaponKit.uasset" 48
"../../../../../../Users/gofrk/Documents/Unreal Projects/ShooTingGame/Content/Meshes/TwinStickUFO.uasset" 49
"../../../../../../Users/gofrk/Documents/Unreal Projects/ShooTingGame/Content/Blueprint/TestCharacter.uasset" 50
"../../../../../../Users/gofrk/Documents/Unreal Projects/ShooTingGame/Content/Blueprint/BP_PlayerCharacter.uasset" 51
"../../../../../../Users/gofrk/Documents/Unreal Projects/ShooTingGame/Content/Blueprint/BP_MainWidgetController.uasset" 52
"../../../../../../Users/gofrk/Documents/Unreal Projects/ShooTingGame/Content/Blueprint/BP_ShootingPlayerController.uasset" 53
"../../../../../../Users/gofrk/Documents/Unreal Projects/ShooTingGame/Content/Blueprint/BP_GamePlayModeBase.uasset" 54
"../../../Engine/Content/EditorBlueprintResources/StandardMacros.uasset" 55
"../../../../../../Users/gofrk/Documents/Unreal Projects/ShooTingGame/Content/Blueprint/BP_AllScroe.uasset" 56
"../../../../../../Users/gofrk/Documents/Unreal Projects/ShooTingGame/Content/Blueprint/Widget/BP_GameOver.uasset" 57
"../../../../../../Users/gofrk/Documents/Unreal Projects/ShooTingGame/Content/Blueprint/Widget/BP_GamePlay.uasset" 58
"../../../../../../Users/gofrk/Documents/Unreal Projects/ShooTingGame/Content/Blueprint/Widget/BP_OptionWidget.uasset" 59
"../../../../../../Users/gofrk/Documents/Unreal Projects/ShooTingGame/Content/Blueprint/Widget/BP_MainWidget.uasset" 60
"../../../../../../Users/gofrk/Documents/Unreal Projects/ShooTingGame/Content/Blueprint/BP_ShooTingGameModeBase.uasset" 61
"../../../../../../Users/gofrk/Documents/Unreal Projects/ShooTingGame/Content/Blueprint/Widget/BP_WeaponChoise.uasset" 62
"../../../../../../Users/gofrk/Documents/Unreal Projects/ShooTingGame/Content/FourEvilDragonsHP/Meshes/DragonTheNightmare/DragonTheNightmare_Skeleton.uasset" 63
"../../../../../../Users/gofrk/Documents/Unreal Projects/ShooTingGame/Content/FourEvilDragonsHP/Animations/DragonTheNightmare/AttackHornAnim.uasset" 64
"../../../../../../Users/gofrk/Documents/Unreal Projects/ShooTingGame/Content/FourEvilDragonsHP/Animations/DragonTheNightmare/AttackMouthAnim.uasset" 65
"../../../../../../Users/gofrk/Documents/Unreal Projects/ShooTingGame/Content/FourEvilDragonsHP/Animations/DragonTheNightmare/DefendAnim.uasset" 66
"../../../../../../Users/gofrk/Documents/Unreal Projects/ShooTingGame/Content/FourEvilDragonsHP/Animations/DragonTheNightmare/DieAnim.uasset" 67
"../../../../../../Users/gofrk/Documents/Unreal Projects/ShooTingGame/Content/FourEvilDragonsHP/Animations/DragonTheNightmare/GetHitAnim.uasset" 68
"../../../../../../Users/gofrk/Documents/Unreal Projects/ShooTingGame/Content/FourEvilDragonsHP/Animations/DragonTheNightmare/JumpAnim.uasset" 69
"../../../../../../Users/gofrk/Documents/Unreal Projects/ShooTingGame/Content/FourEvilDragonsHP/Animations/DragonTheNightmare/RunAnim.uasset" 70
"../../../../../../Users/gofrk/Documents/Unreal Projects/ShooTingGame/Content/FourEvilDragonsHP/Animations/DragonTheNightmare/SleepAnim.uasset" 71
"../../../../../../Users/gofrk/Documents/Unreal Projects/ShooTingGame/Content/FourEvilDragonsHP/Animations/DragonTheNightmare/WalkAnim.uasset" 72
"../../../../../../Users/gofrk/Documents/Unreal Projects/ShooTingGame/Content/FourEvilDragonsHP/Animations/DragonTheNightmare/WalkBackAnim.uasset" 73
"../../../../../../Users/gofrk/Documents/Unreal Projects/ShooTingGame/Content/FourEvilDragonsHP/Animations/DragonTheNightmare/WalkLeftAnim.uasset" 74
"../../../../../../Users/gofrk/Documents/Unreal Projects/ShooTingGame/Content/FourEvilDragonsHP/Animations/DragonTheNightmare/WalkRightAnim.uasset" 75
"../../../../../../Users/gofrk/Documents/Unreal Projects/ShooTingGame/Content/FourEvilDragonsHP/Meshes/DrangonTheSoulEater/DragonTheSoulEater_Skeleton.uasset" 76
"../../../../../../Users/gofrk/Documents/Unreal Projects/ShooTingGame/Content/FourEvilDragonsHP/Animations/DragonTheSoulEater/AttackMouthAnim.uasset" 77
"../../../../../../Users/gofrk/Documents/Unreal Projects/ShooTingGame/Content/FourEvilDragonsHP/Animations/DragonTheSoulEater/AttackTailAnim.uasset" 78
"../../../../../../Users/gofrk/Documents/Unreal Projects/ShooTingGame/Content/FourEvilDragonsHP/Animations/DragonTheSoulEater/DefendAnim.uasset" 79
"../../../../../../Users/gofrk/Documents/Unreal Projects/ShooTingGame/Content/FourEvilDragonsHP/Animations/DragonTheSoulEater/DieAnim.uasset" 80
"../../../../../../Users/gofrk/Documents/Unreal Projects/ShooTingGame/Content/FourEvilDragonsHP/Animations/DragonTheSoulEater/FlyAttackAnim.uasset" 81
"../../../../../../Users/gofrk/Documents/Unreal Projects/ShooTingGame/Content/FourEvilDragonsHP/Animations/DragonTheSoulEater/FlyFastForwardAnim.uasset" 82
"../../../../../../Users/gofrk/Documents/Unreal Projects/ShooTingGame/Content/FourEvilDragonsHP/Animations/DragonTheSoulEater/GetHitAnim.uasset" 83
"../../../../../../Users/gofrk/Documents/Unreal Projects/ShooTingGame/Content/FourEvilDragonsHP/Animations/DragonTheSoulEater/LandAnim.uasset" 84
"../../../../../../Users/gofrk/Documents/Unreal Projects/ShooTingGame/Content/FourEvilDragonsHP/Animations/DragonTheSoulEater/RunAnim.uasset" 85
"../../../../../../Users/gofrk/Documents/Unreal Projects/ShooTingGame/Content/FourEvilDragonsHP/Animations/DragonTheSoulEater/SleepAnim.uasset" 86
"../../../../../../Users/gofrk/Documents/Unreal Projects/ShooTingGame/Content/FourEvilDragonsHP/Animations/DragonTheSoulEater/TakeOffAnim.uasset" 87
"../../../../../../Users/gofrk/Documents/Unreal Projects/ShooTingGame/Content/FourEvilDragonsHP/Meshes/DragonTheTerrorBringer/DragonTheTerrorBringer_Skeleton.uasset" 88
"../../../../../../Users/gofrk/Documents/Unreal Projects/ShooTingGame/Content/FourEvilDragonsHP/Animations/DragonTheTerrorBringer/AttackFlameAnim.uasset" 89
"../../../../../../Users/gofrk/Documents/Unreal Projects/ShooTingGame/Content/FourEvilDragonsHP/Animations/DragonTheTerrorBringer/AttackMouthAnim.uasset" 90
"../../../../../../Users/gofrk/Documents/Unreal Projects/ShooTingGame/Content/FourEvilDragonsHP/Animations/DragonTheTerrorBringer/DefendAnim.uasset" 91
"../../../../../../Users/gofrk/Documents/Unreal Projects/ShooTingGame/Content/FourEvilDragonsHP/Animations/DragonTheTerrorBringer/DieAnim.uasset" 92
"../../../../../../Users/gofrk/Documents/Unreal Projects/ShooTingGame/Content/FourEvilDragonsHP/Animations/DragonTheTerrorBringer/FlyAttackAnim.uasset" 93
"../../../../../../Users/gofrk/Documents/Unreal Projects/ShooTingGame/Content/FourEvilDragonsHP/Animations/DragonTheTerrorBringer/FlyForwardAnim.uasset" 94
"../../../../../../Users/gofrk/Documents/Unreal Projects/ShooTingGame/Content/FourEvilDragonsHP/Animations/DragonTheTerrorBringer/GetHitAnim.uasset" 95
"../../../../../../Users/gofrk/Documents/Unreal Projects/ShooTingGame/Content/FourEvilDragonsHP/Animations/DragonTheTerrorBringer/LandingAnim.uasset" 96
"../../../../../../Users/gofrk/Documents/Unreal Projects/ShooTingGame/Content/FourEvilDragonsHP/Animations/DragonTheTerrorBringer/RunAnim.uasset" 97
"../../../../../../Users/gofrk/Documents/Unreal Projects/ShooTingGame/Content/FourEvilDragonsHP/Animations/DragonTheTerrorBringer/ScreamAnim.uasset" 98
"../../../../../../Users/gofrk/Documents/Unreal Projects/ShooTingGame/Content/FourEvilDragonsHP/Animations/DragonTheTerrorBringer/SleepAnim.uasset" 99
"../../../../../../Users/gofrk/Documents/Unreal Projects/ShooTingGame/Content/FourEvilDragonsHP/Animations/DragonTheTerrorBringer/TakeOffAnim.uasset" 100
"../../../../../../Users/gofrk/Documents/Unreal Projects/ShooTingGame/Content/FourEvilDragonsHP/Animations/DragonTheTerrorBringer/WalkAnim.uasset" 101
"../../../../../../Users/gofrk/Documents/Unreal Projects/ShooTingGame/Content/FourEvilDragonsHP/Meshes/DragonTheUsurper/DragonTheUsurper_Skeleton.uasset" 102
"../../../../../../Users/gofrk/Documents/Unreal Projects/ShooTingGame/Content/FourEvilDragonsHP/Animations/DragonTheUsurper/AttackHandAnim.uasset" 103
"../../../../../../Users/gofrk/Documents/Unreal Projects/ShooTingGame/Content/FourEvilDragonsHP/Animations/DragonTheUsurper/AttackMouthAnim.uasset" 104
"../../../../../../Users/gofrk/Documents/Unreal Projects/ShooTingGame/Content/FourEvilDragonsHP/Animations/DragonTheUsurper/DefendAnim.uasset" 105
"../../../../../../Users/gofrk/Documents/Unreal Projects/ShooTingGame/Content/FourEvilDragonsHP/Animations/DragonTheUsurper/DieAnim.uasset" 106
"../../../../../../Users/gofrk/Documents/Unreal Projects/ShooTingGame/Content/FourEvilDragonsHP/Animations/DragonTheUsurper/FlyFlameAnim.uasset" 107
"../../../../../../Users/gofrk/Documents/Unreal Projects/ShooTingGame/Content/FourEvilDragonsHP/Animations/DragonTheUsurper/FlyForwardAnim.uasset" 108
"../../../../../../Users/gofrk/Documents/Unreal Projects/ShooTingGame/Content/FourEvilDragonsHP/Animations/DragonTheUsurper/GetHitAnim.uasset" 109
"../../../../../../Users/gofrk/Documents/Unreal Projects/ShooTingGame/Content/FourEvilDragonsHP/Animations/DragonTheUsurper/LandAnim.uasset" 110
"../../../../../../Users/gofrk/Documents/Unreal Projects/ShooTingGame/Content/FourEvilDragonsHP/Animations/DragonTheUsurper/RunAnim.uasset" 111
"../../../../../../Users/gofrk/Documents/Unreal Projects/ShooTingGame/Content/FourEvilDragonsHP/Animations/DragonTheUsurper/ScreamAnim.uasset" 112
"../../../../../../Users/gofrk/Documents/Unreal Projects/ShooTingGame/Content/FourEvilDragonsHP/Animations/DragonTheUsurper/SleepAnim.uasset" 113
"../../../Engine/Content/Animation/DefaultAnimBoneCompressionSettings.uasset" 114
"../../../../../../Users/gofrk/Documents/Unreal Projects/ShooTingGame/Content/FourEvilDragonsHP/Animations/DragonTheUsurper/Tackle.uasset" 115
"../../../../../../Users/gofrk/Documents/Unreal Projects/ShooTingGame/Content/FourEvilDragonsHP/Animations/DragonTheUsurper/TakeOffAnim.uasset" 116
"../../../../../../Users/gofrk/Documents/Unreal Projects/ShooTingGame/Content/FourEvilDragonsHP/Animations/DragonTheUsurper/WalkAnim.uasset" 117
"../../../../../../Users/gofrk/Documents/Unreal Projects/ShooTingGame/Content/Image/FloorSprite.uasset" 118
"../../../../../../Users/gofrk/Documents/Unreal Projects/ShooTingGame/Content/Image/BP_Floor.uasset" 119
"../../../../../../Users/gofrk/Documents/Unreal Projects/ShooTingGame/Content/Image/desert-backgorund-looped.uasset" 120
"../../../../../../Users/gofrk/Documents/Unreal Projects/ShooTingGame/Content/Image/BP_FloorSprite.uasset" 121
"../../../../../../Users/gofrk/Documents/Unreal Projects/ShooTingGame/Content/Image/NewBlueprint.uasset" 122
"../../../../../../Users/gofrk/Documents/Unreal Projects/ShooTingGame/Content/Meshes/HealPack.uasset" 123
"../../../../../../Users/gofrk/Documents/Unreal Projects/ShooTingGame/Content/PhysicMash/BaseMaterial.uasset" 124
"../../../../../../Users/gofrk/Documents/Unreal Projects/ShooTingGame/Content/PhysicMash/BlueMaterial.uasset" 125
"../../../../../../Users/gofrk/Documents/Unreal Projects/ShooTingGame/Content/Meshes/RedMaterial.uasset" 126
"../../../../../../Users/gofrk/Documents/Unreal Projects/ShooTingGame/Content/PhysicMash/Boom.uasset" 127
"../../../../../../Users/gofrk/Documents/Unreal Projects/ShooTingGame/Content/PhysicMash/OrangeMaterial.uasset" 128
"../../../../../../Users/gofrk/Documents/Unreal Projects/ShooTingGame/Content/PhysicMash/PuzzleCube.uasset" 129
"../../../../../../Users/gofrk/Documents/Unreal Projects/ShooTingGame/Content/Meshes/Pillar_50x500.uasset" 130
"../../../../../../Users/gofrk/Documents/Unreal Projects/ShooTingGame/Content/StarterContent/Architecture/Pillar_50x500.uasset" 131
"../../../../../../Users/gofrk/Documents/Unreal Projects/ShooTingGame/Content/StarterContent/Architecture/Wall_400x300.uasset" 132
"../../../../../../Users/gofrk/Documents/Unreal Projects/ShooTingGame/Content/StarterContent/Architecture/Wall_400x400.uasset" 133
"../../../../../../Users/gofrk/Documents/Unreal Projects/ShooTingGame/Content/StarterContent/Architecture/Wall_500x500.uasset" 134
"../../../../../../Users/gofrk/Documents/Unreal Projects/ShooTingGame/Content/StarterContent/Architecture/Wall_Door_400x400.uasset" 135
"../../../../../../Users/gofrk/Documents/Unreal Projects/ShooTingGame/Content/StarterContent/Architecture/Wall_Window_400x400.uasset" 136
"../../../../../../Users/gofrk/Documents/Unreal Projects/ShooTingGame/Content/StarterContent/Audio/Collapse01.uasset" 137
"../../../../../../Users/gofrk/Documents/Unreal Projects/ShooTingGame/Content/StarterContent/Audio/Collapse02.uasset" 138
"../../../../../../Users/gofrk/Documents/Unreal Projects/ShooTingGame/Content/StarterContent/Audio/Explosion01.uasset" 139
"../../../../../../Users/gofrk/Documents/Unreal Projects/ShooTingGame/Content/StarterContent/Audio/Explosion02.uasset" 140
"../../../../../../Users/gofrk/Documents/Unreal Projects/ShooTingGame/Content/StarterContent/Audio/Fire01.uasset" 141
"../../../../../../Users/gofrk/Documents/Unreal Projects/ShooTingGame/Content/StarterContent/Audio/Fire_Sparks01.uasset" 142
"../../../../../../Users/gofrk/Documents/Unreal Projects/ShooTingGame/Content/StarterContent/Audio/Light01.uasset" 143
"../../../../../../Users/gofrk/Documents/Unreal Projects/ShooTingGame/Content/StarterContent/Audio/Light01_Cue.uasset" 144
"../../../../../../Users/gofrk/Documents/Unreal Projects/ShooTingGame/Content/StarterContent/Audio/Light02.uasset" 145
"../../../../../../Users/gofrk/Documents/Unreal Projects/ShooTingGame/Content/StarterContent/Audio/Light02_Cue.uasset" 146
"../../../../../../Users/gofrk/Documents/Unreal Projects/ShooTingGame/Content/StarterContent/Audio/Smoke01.uasset" 147
"../../../../../../Users/gofrk/Documents/Unreal Projects/ShooTingGame/Content/StarterContent/Audio/Starter_Birds01.uasset" 148
"../../../../../../Users/gofrk/Documents/Unreal Projects/ShooTingGame/Content/StarterContent/Audio/Starter_Music01.uasset" 149
"../../../../../../Users/gofrk/Documents/Unreal Projects/ShooTingGame/Content/StarterContent/Audio/Starter_Wind05.uasset" 150
"../../../../../../Users/gofrk/Documents/Unreal Projects/ShooTingGame/Content/StarterContent/Audio/Starter_Wind06.uasset" 151
"../../../../../../Users/gofrk/Documents/Unreal Projects/ShooTingGame/Content/StarterContent/Audio/Steam01.uasset" 152
"../../../../../../Users/gofrk/Documents/Unreal Projects/ShooTingGame/Content/StarterContent/Textures/T_Burst_M.uasset" 153
"../../../../../../Users/gofrk/Documents/Unreal Projects/ShooTingGame/Content/Particles/Materials/M_Burst.uasset" 154
"../../../../../../Users/gofrk/Documents/Unreal Projects/ShooTingGame/Content/StarterContent/Textures/T_Explosion_SubUV.uasset" 155
"../../../../../../Users/gofrk/Documents/Unreal Projects/ShooTingGame/Content/Particles/Materials/M_explosion_subUV.uasset" 156
"../../../../../../Users/gofrk/Documents/Unreal Projects/ShooTingGame/Content/Particles/Materials/m_flare_01.uasset" 157
"../../../../../../Users/gofrk/Documents/Unreal Projects/ShooTingGame/Content/Particles/Materials/M_radial_ramp.uasset" 158
"../../../../../../Users/gofrk/Documents/Unreal Projects/ShooTingGame/Content/Particles/P_Explosion.uasset" 159
"../../../../../../Users/gofrk/Documents/Unreal Projects/ShooTingGame/Content/StarterContent/Audio/Explosion_Cue.uasset" 160
"../../../../../../Users/gofrk/Documents/Unreal Projects/ShooTingGame/Content/StarterContent/Blueprints/Blueprint_Effect_Explosion.uasset" 161
"../../../Engine/Content/EditorMeshes/ColorCalibrator/T_ColorGrid.uasset" 162
"../../../../../../Users/gofrk/Documents/Unreal Projects/ShooTingGame/Content/StarterContent/Materials/M_ColorGrid_LowSpec.uasset" 163
"../../../../../../Users/gofrk/Documents/Unreal Projects/ShooTingGame/Content/StarterContent/Textures/T_Bush_D.uasset" 164
"../../../../../../Users/gofrk/Documents/Unreal Projects/ShooTingGame/Content/StarterContent/Textures/T_Bush_N.uasset" 165
"../../../../../../Users/gofrk/Documents/Unreal Projects/ShooTingGame/Content/StarterContent/Props/Materials/M_Bush.uasset" 166
"../../../../../../Users/gofrk/Documents/Unreal Projects/ShooTingGame/Content/StarterContent/Props/SM_Bush.uasset" 167
"../../../../../../Users/gofrk/Documents/Unreal Projects/ShooTingGame/Content/StarterContent/Textures/T_Chair_M.uasset" 168
"../../../../../../Users/gofrk/Documents/Unreal Projects/ShooTingGame/Content/StarterContent/Textures/T_Chair_N.uasset" 169
"../../../../../../Users/gofrk/Documents/Unreal Projects/ShooTingGame/Content/StarterContent/Props/Materials/M_Chair.uasset" 170
"../../../../../../Users/gofrk/Documents/Unreal Projects/ShooTingGame/Content/StarterContent/Props/SM_Couch.uasset" 171
"../../../../../../Users/gofrk/Documents/Unreal Projects/ShooTingGame/Content/StarterContent/Materials/M_Glass.uasset" 172
"../../../../../../Users/gofrk/Documents/Unreal Projects/ShooTingGame/Content/StarterContent/Props/SM_Door.uasset" 173
"../../../../../../Users/gofrk/Documents/Unreal Projects/ShooTingGame/Content/StarterContent/Props/Materials/M_MaterialSphere.uasset" 174
"../../../../../../Users/gofrk/Documents/Unreal Projects/ShooTingGame/Content/StarterContent/Props/Materials/M_MaterialSphere_Plain.uasset" 175
"../../../../../../Users/gofrk/Documents/Unreal Projects/ShooTingGame/Content/StarterContent/Props/SM_MatPreviewMesh_02.uasset" 176
"../../../../../../Users/gofrk/Documents/Unreal Projects/ShooTingGame/Content/StarterContent/Props/SM_Rock.uasset" 177
"../../../../../../Users/gofrk/Documents/Unreal Projects/ShooTingGame/Content/StarterContent/Textures/T_Shelf_M.uasset" 178
"../../../../../../Users/gofrk/Documents/Unreal Projects/ShooTingGame/Content/StarterContent/Textures/T_Shelf_N.uasset" 179
"../../../../../../Users/gofrk/Documents/Unreal Projects/ShooTingGame/Content/StarterContent/Props/Materials/M_Shelf.uasset" 180
"../../../../../../Users/gofrk/Documents/Unreal Projects/ShooTingGame/Content/StarterContent/Props/SM_Shelf.uasset" 181
"../../../../../../Users/gofrk/Documents/Unreal Projects/ShooTingGame/Content/StarterContent/Materials/M_Basic_Floor.uasset" 182
"../../../../../../Users/gofrk/Documents/Unreal Projects/ShooTingGame/Content/StarterContent/Props/SM_Stairs.uasset" 183
"../../../../../../Users/gofrk/Documents/Unreal Projects/ShooTingGame/Content/StarterContent/Shapes/Shape_Cone.uasset" 184
"../../../../../../Users/gofrk/Documents/Unreal Projects/ShooTingGame/Content/StarterContent/Shapes/Shape_Cylinder.uasset" 185
"../../../../../../Users/gofrk/Documents/Unreal Projects/ShooTingGame/Content/StarterContent/Shapes/Shape_Pipe_180.uasset" 186
"../../../../../../Users/gofrk/Documents/Unreal Projects/ShooTingGame/Content/StarterContent/Shapes/Shape_Pipe_90.uasset" 187
"../../../../../../Users/gofrk/Documents/Unreal Projects/ShooTingGame/Content/StarterContent/Shapes/Shape_Plane.uasset" 188
"../../../../../../Users/gofrk/Documents/Unreal Projects/ShooTingGame/Content/StarterContent/Shapes/Shape_Torus.uasset" 189
"../../../../../../Users/gofrk/Documents/Unreal Projects/ShooTingGame/Content/StarterContent/Shapes/Shape_Trim.uasset" 190
"../../../../../../Users/gofrk/Documents/Unreal Projects/ShooTingGame/Content/StarterContent/Shapes/Shape_Trim_90_In.uasset" 191
"../../../../../../Users/gofrk/Documents/Unreal Projects/ShooTingGame/Content/StarterContent/Shapes/Shape_Trim_90_Out.uasset" 192
"../../../../../../Users/gofrk/Documents/Unreal Projects/ShooTingGame/Content/StarterContent/Shapes/Shape_TriPyramid.uasset" 193
"../../../../../../Users/gofrk/Documents/Unreal Projects/ShooTingGame/Content/StarterContent/Shapes/Shape_Tube.uasset" 194
"../../../../../../Users/gofrk/Documents/Unreal Projects/ShooTingGame/Content/StarterContent/Shapes/Shape_Wedge_A.uasset" 195
"../../../../../../Users/gofrk/Documents/Unreal Projects/ShooTingGame/Content/StarterContent/Shapes/Shape_Wedge_B.uasset" 196
"../../../../../../Users/gofrk/Documents/Unreal Projects/ShooTingGame/Content/StarterContent/Shapes/Shape_WideCapsule.uasset" 197
"../../../Engine/Content/Animation/DefaultAnimCurveCompressionSettings.uasset" 198
"../../../Engine/Content/Functions/Engine_MaterialFunctions01/Opacity/CameraDepthFade.uasset" 199
"../../../Engine/Content/EngineMaterials/T_Default_Material_Grid_M.uasset" 200
"../../../Engine/Content/EngineMaterials/T_Default_Material_Grid_N.uasset" 201
"../../../Engine/Content/EngineMaterials/WorldGridMaterial.uasset" 202
"../../../Engine/Content/ArtTools/RenderToTexture/Meshes/S_1_Unit_Plane.uasset" 203
"../../../Engine/Content/EngineMaterials/DefaultMaterial.uasset" 204
"../../../Engine/Content/BasicShapes/Cone.uasset" 205
"../../../Engine/Content/BasicShapes/Cube.uasset" 206
"../../../Engine/Content/BasicShapes/Cylinder.uasset" 207
"../../../Engine/Content/BasicShapes/Plane.uasset" 208
"../../../Engine/Content/BasicShapes/Sphere.uasset" 209
"../../../Engine/Content/EditorLandscapeResources/DataLayer.uasset" 210
"../../../Engine/Content/EditorMaterials/MAT_Groups_Toggle.uasset" 211
"../../../Engine/Content/EditorMaterials/MAT_Groups_Visibility.uasset" 212
"../../../Engine/Content/EditorMaterials/PreviewShadowIndicator.uasset" 213
"../../../Engine/Content/EditorMaterials/PreviewShadowIndicatorMaterial.uasset" 214
"../../../Engine/Content/EditorMaterials/MatineeGroups/MAT_ColorTrack.uasset" 215
"../../../Engine/Content/EditorMaterials/MatineeGroups/MAT_Groups_Anim.uasset" 216
"../../../Engine/Content/EditorMaterials/MatineeGroups/MAT_Groups_AudioMaster.uasset" 217
"../../../Engine/Content/EditorMaterials/MatineeGroups/MAT_Groups_Director.uasset" 218
"../../../Engine/Content/EditorMaterials/MatineeGroups/MAT_Groups_Event.uasset" 219
"../../../Engine/Content/EditorMaterials/MatineeGroups/MAT_Groups_Fade.uasset" 220
"../../../Engine/Content/EditorMaterials/MatineeGroups/MAT_Groups_Float.uasset" 221
"../../../Engine/Content/EditorMaterials/MatineeGroups/MAT_Groups_Move.uasset" 222
"../../../Engine/Content/EditorMaterials/MatineeGroups/MAT_Groups_Slomo.uasset" 223
"../../../Engine/Content/EditorMaterials/MatineeGroups/MAT_Groups_Sound.uasset" 224
"../../../Engine/Content/EditorMaterials/MatineeGroups/MAT_Groups_Vector.uasset" 225
"../../../Engine/Content/EditorMaterials/ParticleSystems/PSysThumbnail_NoImage.uasset" 226
"../../../Engine/Content/EditorMaterials/ParticleSystems/PSysThumbnail_OOD.uasset" 227
"../../../Engine/Content/EditorMaterials/Camera/CineMat.uasset" 228
"../../../Engine/Content/EditorMaterials/Camera/MI_CineMat_Rig.uasset" 229
"../../../Engine/Content/EditorMeshes/Camera/SM_CraneRig_Arm.uasset" 230
"../../../Engine/Content/EditorMeshes/Camera/SM_CraneRig_Base.uasset" 231
"../../../Engine/Content/EditorMeshes/Camera/SM_CraneRig_Body.uasset" 232
"../../../Engine/Content/EditorMeshes/Camera/SM_CraneRig_Mount.uasset" 233
"../../../Engine/Content/EditorMeshes/Camera/SM_RailRig_Mount.uasset" 234
"../../../Engine/Content/EditorMeshes/Camera/SM_RailRig_Track.uasset" 235
"../../../Engine/Content/EditorResources/BSPVertex.uasset" 236
"../../../Engine/Content/EditorResources/EmptyActor.uasset" 237
"../../../Engine/Content/EditorResources/S_Actor.uasset" 238
"../../../Engine/Content/EditorResources/S_Note.uasset" 239
"../../../Engine/Content/EditorResources/S_Solver.uasset" 240
"../../../Engine/Content/EditorResources/S_Trigger.uasset" 241
"../../../Engine/Content/EditorResources/AudioIcons/S_AudioComponent.uasset" 242
"../../../Engine/Content/EditorResources/AudioIcons/S_AudioComponent_AutoActivate.uasset" 243
"../../../Engine/Content/EditorResources/LightIcons/S_LightError.uasset" 244
"../../../Engine/Content/EditorResources/SequenceRecorder/Countdown.uasset" 245
"../../../Engine/Content/EditorResources/SequenceRecorder/RecordingIndicator.uasset" 246
"../../../Engine/Content/EditorSounds/Notifications/CompileFailed.uasset" 247
"../../../Engine/Content/EditorSounds/Notifications/CompileFailed_Cue.uasset" 248
"../../../Engine/Content/EditorSounds/Notifications/CompileSuccess.uasset" 249
"../../../Engine/Content/EditorSounds/Notifications/CompileStart_Cue.uasset" 250
"../../../Engine/Content/EditorSounds/Notifications/CompileSuccess_Cue.uasset" 251
"../../../Engine/Content/EngineDamageTypes/DmgTypeBP_Environmental.uasset" 252
"../../../Engine/Content/EngineDebugMaterials/DebugEditorMaterial.uasset" 253
"../../../Engine/Content/EngineDebugMaterials/DebugMeshMaterial.uasset" 254
"../../../Engine/Content/EngineDebugMaterials/M_SimpleUnlitTranslucent.uasset" 255
"../../../Engine/Content/Functions/Engine_MaterialFunctions02/Utility/CameraDirectionVector.uasset" 256
"../../../Engine/Content/EngineDebugMaterials/VolumeToRender.uasset" 257
"../../../Engine/Content/EngineDebugMaterials/M_VolumeRenderSphereTracePP.uasset" 258
"../../../Engine/Content/EngineDebugMaterials/WireframeMaterial.uasset" 259
"../../../Engine/Content/EngineFonts/Faces/DroidSansFallback.uasset" 260
"../../../Engine/Content/EngineFonts/Faces/RobotoBold.uasset" 261
"../../../Engine/Content/EngineFonts/Faces/RobotoBoldItalic.uasset" 262
"../../../Engine/Content/EngineFonts/Faces/RobotoItalic.uasset" 263
"../../../Engine/Content/EngineFonts/Faces/RobotoLight.uasset" 264
"../../../Engine/Content/EngineFonts/Faces/RobotoRegular.uasset" 265
"../../../Engine/Content/EngineFonts/Roboto.uasset" 266
"../../../Engine/Content/EngineMaterials/BaseFlattenDiffuseMap.uasset" 267
"../../../Engine/Content/EngineMaterials/BaseFlattenEmissiveMap.uasset" 268
"../../../Engine/Content/EngineMaterials/BaseFlattenGrayscaleMap.uasset" 269
"../../../Engine/Content/EngineMaterials/BaseFlattenNormalMap.uasset" 270
"../../../Engine/Content/EngineMaterials/BaseFlattenMaterial.uasset" 271
"../../../Engine/Content/EngineMaterials/BlueNoise.uasset" 272
"../../../Engine/Content/EngineMaterials/DefaultBloomKernel.uasset" 273
"../../../Engine/Content/EngineMaterials/DefaultBokeh.uasset" 274
"../../../Engine/Content/EngineMaterials/DefaultDiffuse.uasset" 275
"../../../Engine/Content/EngineMaterials/DefaultDeferredDecalMaterial.uasset" 276
"../../../Engine/Content/EngineMaterials/DefaultLightFunctionMaterial.uasset" 277
"../../../Engine/Content/EngineMaterials/DefaultPhysicalMaterial.uasset" 278
"../../../Engine/Content/Functions/Engine_MaterialFunctions02/Utility/BreakOutFloat2Components.uasset" 279
"../../../Engine/Content/EngineMaterials/DefaultPostProcessMaterial.uasset" 280
"../../../Engine/Content/EngineFonts/RobotoDistanceField.uasset" 281
"../../../Engine/Content/EngineMaterials/DefaultTextMaterialOpaque.uasset" 282
"../../../Engine/Content/EngineMaterials/DefaultWhiteGrid.uasset" 283
"../../../Engine/Content/EngineMaterials/DefaultWhiteGrid_Low.uasset" 284
"../../../Engine/Content/EngineMaterials/EmissiveMeshMaterial.uasset" 285
"../../../Engine/Content/EngineMaterials/GizmoMaterial.uasset" 286
"../../../Engine/Content/EngineMaterials/Good64x64TilingNoiseHighFreq.uasset" 287
"../../../Engine/Content/EngineMaterials/MiniFont.uasset" 288
"../../../Engine/Content/EngineMaterials/InvalidLightmapSettings.uasset" 289
"../../../Engine/Content/EngineMaterials/M_InvalidLightmapSettings.uasset" 290
"../../../Engine/Content/Functions/Engine_MaterialFunctions02/WorldPositionOffset/CameraOffset.uasset" 291
"../../../Engine/Content/EngineMaterials/PhAT_JointLimitMaterial.uasset" 292
"../../../Engine/Content/EngineMaterials/PreintegratedSkinBRDF.uasset" 293
"../../../Engine/Content/EngineMaterials/RemoveSurfaceMaterial.uasset" 294
"../../../Engine/Content/EngineMaterials/WeightMapPlaceholderTexture.uasset" 295
"../../../Engine/Content/EngineResources/WhiteSquareTexture.uasset" 296
"../../../Engine/Content/EngineMaterials/Widget3DPassThrough.uasset" 297
"../../../Engine/Content/EngineMaterials/Widget3DPassThrough_Masked.uasset" 298
"../../../Engine/Content/EngineMaterials/Widget3DPassThrough_Opaque.uasset" 299
"../../../Engine/Content/EngineMaterials/Widget3DPassThrough_Masked_OneSided.uasset" 300
"../../../Engine/Content/EngineMaterials/Widget3DPassThrough_Opaque_OneSided.uasset" 301
"../../../Engine/Content/EngineMaterials/Widget3DPassThrough_Translucent.uasset" 302
"../../../Engine/Content/EngineMaterials/Widget3DPassThrough_Translucent_OneSided.uasset" 303
"../../../Engine/Content/EngineMeshes/Cylinder.uasset" 304
"../../../Engine/Content/EngineMeshes/Sphere.uasset" 305
"../../../Engine/Content/EngineResources/Black.uasset" 306
"../../../Engine/Content/EngineResources/DefaultTexture.uasset" 307
"../../../Engine/Content/EngineResources/DefaultTextureCube.uasset" 308
"../../../Engine/Content/EngineResources/DefaultVolumeTexture2D.uasset" 309
"../../../Engine/Content/EngineResources/DefaultVolumeTexture.uasset" 310
"../../../Engine/Content/EngineResources/GradientTexture0.uasset" 311
"../../../Engine/Content/EngineSounds/Master.uasset" 312
"../../../Engine/Content/Functions/Engine_MaterialFunctions01/Shading/ConvertFromDiffSpec.uasset" 313
"../../../Engine/Content/Functions/Engine_MaterialFunctions01/Shading/PowerToRoughness.uasset" 314
"../../../Engine/Content/Maps/Templates/Thumbnails/Default.uasset" 315
"../../../Engine/Content/Maps/Templates/Thumbnails/TimeOfDay.uasset" 316
"../../../Engine/Content/Maps/Templates/Thumbnails/VR-Basic.uasset" 317
"../../../Engine/Content/MobileResources/T_MobileControls_texture.uasset" 318
"../../../Engine/Content/MobileResources/T_MobileMenu2.uasset" 319
"../../../Engine/Content/MobileResources/HUD/AnalogHat.uasset" 320
"../../../Engine/Content/MobileResources/HUD/VirtualJoystick_Background.uasset" 321
"../../../Engine/Content/MobileResources/HUD/VirtualJoystick_Thumb.uasset" 322
"../../../Engine/Content/MobileResources/HUD/DefaultVirtualJoysticks.uasset" 323
"../../../Engine/Content/MobileResources/HUD/LeftVirtualJoystickOnly.uasset" 324
"../../../Engine/Content/MobileResources/HUD/MobileHUDButton1_off.uasset" 325
"../../../Engine/Content/MobileResources/HUD/MobileHUDButton1_on.uasset" 326
"../../../Engine/Content/MobileResources/HUD/MobileHUDButton2_off.uasset" 327
"../../../Engine/Content/MobileResources/HUD/MobileHUDButton2_on.uasset" 328
"../../../Engine/Content/MobileResources/HUD/MobileHUDButton3.uasset" 329
"../../../Engine/Content/MobileResources/HUD/MobileHUDButtonFire.uasset" 330
"../../../Engine/Content/MobileResources/HUD/MobileHUDDirectionPad.uasset" 331
"../../../Engine/Content/MobileResources/HUD/MobileHUDDirectionPad2.uasset" 332
"../../../Engine/Content/MobileResources/HUD/MobileHUDDirectionPad3.uasset" 333
"../../../Engine/Content/MobileResources/HUD/MobileHUDDirectionStick.uasset" 334
"../../../Engine/Content/MobileResources/HUD/T_Castle_ThumbstickInner.uasset" 335
"../../../Engine/Content/MobileResources/HUD/T_Castle_ThumbstickOutter.uasset" 336
"../../../Engine/Content/Tutorial/ContentIntroCurve.uasset" 337
"../../../Engine/Content/Tutorial/Basics/ContentBrowserOverview.uasset" 338
"../../../Engine/Content/Tutorial/Basics/FeaturePacks.uasset" 339
"../../../Engine/Content/Tutorial/Basics/LevelEditorAttract.uasset" 340
"../../../Engine/Content/Tutorial/Basics/TutorialAssets/icon_tab_Levels_40x.uasset" 341
"../../../Engine/Content/Tutorial/Basics/LevelEditorOverview.uasset" 342
"../../../Engine/Content/Tutorial/Basics/TutorialAssets/CameraActor_64x.uasset" 343
"../../../Engine/Content/Tutorial/Basics/ViewportsTutorial.uasset" 344
"../../../Engine/Content/Tutorial/BlueprintTutorials/TutorialAssets/Blueprint_64x.uasset" 345
"../../../Engine/Content/Tutorial/BlueprintTutorials/BlueprintEditorTutorial.uasset" 346
"../../../Engine/Content/Tutorial/BlueprintTutorials/LevelBlueprintEditorOverview.uasset" 347
"../../../Engine/Content/Tutorial/InWorldBlueprintEditing/IWBE_Tutorial_Part2.uasset" 348
"../../../Engine/Content/Tutorial/InWorldBlueprintEditing/IWBE_Tutorial_Part3.uasset" 349
"../../../Engine/Content/Tutorial/Landscape/TutorialAssets/Landscape.uasset" 350
"../../../Engine/Content/Tutorial/Landscape/LandscapeWalkThrough.uasset" 351
"../../../Engine/Content/Tutorial/Landscape/Landscape_Manage_Mode.uasset" 352
"../../../Engine/Content/Tutorial/Landscape/Landscape_Painting_Mode.uasset" 353
"../../../Engine/Content/Tutorial/Landscape/Landscape_Sculpt_Mode.uasset" 354
"../../../Engine/Content/VREditor/LaserPointer/VR_LaserPower_01.uasset" 355
"../../../Engine/Content/VREditor/TransformGizmo/TransformGizmoMaterial.uasset" 356
"../../../Engine/Content/VREditor/TransformGizmo/TranslucentTransformGizmoMaterial.uasset" 357
"../../../Engine/Content/VREditor/TransformGizmo/BoundingBoxCorner.uasset" 358
"../../../Engine/Content/VREditor/TransformGizmo/BoundingBoxEdge.uasset" 359
"../../../Engine/Content/VREditor/TransformGizmo/PlaneTranslationHandle.uasset" 360
"../../../Engine/Content/VREditor/TransformGizmo/Main.uasset" 361
"../../../Engine/Content/VREditor/TransformGizmo/Xray.uasset" 362
"../../../Engine/Content/VREditor/TransformGizmo/SM_Sequencer_Key.uasset" 363
"../../../Engine/Content/VREditor/TransformGizmo/SM_Sequencer_Node.uasset" 364
"../../Plugins/2D/Paper2D/Content/PlaceholderTextures/DummySpriteTexture.uasset" 365
"../../Plugins/2D/Paper2D/Content/DummySprite.uasset" 366
"../../Plugins/2D/Paper2D/Content/DefaultPaperTerrainMaterial.uasset" 367
"../../Plugins/2D/Paper2D/Content/DefaultSpriteMaterial.uasset" 368
"../../Plugins/2D/Paper2D/Content/MaskedUnlitSpriteMaterial.uasset" 369
"../../Plugins/2D/Paper2D/Content/OpaqueUnlitSpriteMaterial.uasset" 370
"../../Plugins/FX/Niagara/Content/Enums/ENiagaraBooleanLogicOps.uasset" 371
"../../Plugins/FX/Niagara/Content/Enums/ENiagaraCoordinateSpace.uasset" 372
"../../Plugins/FX/Niagara/Content/Enums/ENiagaraExpansionMode.uasset" 373
"../../Plugins/FX/Niagara/Content/Enums/ENiagaraOrientationAxis.uasset" 374
"../../Plugins/FX/Niagara/Content/Enums/ENiagaraRandomnessMode.uasset" 375
"../../../Engine/Content/Functions/Engine_MaterialFunctions02/Utility/BreakOutFloat4Components.uasset" 376
"../../../Engine/Content/Functions/Engine_MaterialFunctions02/Utility/MakeFloat2.uasset" 377
"../../../Engine/Content/Functions/Engine_MaterialFunctions02/Utility/MakeFloat3.uasset" 378
"../../Plugins/Runtime/Oculus/OculusVR/Content/Materials/OculusMR_ChromaKey.uasset" 379
"../../Plugins/Runtime/Oculus/OculusVR/Content/Materials/OculusMR_ChromaKey_Lit.uasset" 380
"../../Plugins/Runtime/Oculus/OculusVR/Content/Materials/OculusMR_OpaqueColoredMaterial.uasset" 381
"../../Plugins/Runtime/Oculus/OculusVR/Content/Materials/OculusMR_WhiteMaterial.uasset" 382
"../../../../../../Users/gofrk/Documents/Unreal Projects/ShooTingGame/Content/Maps/MainMenu_Map.umap" 383
"../../../Engine/Content/EngineSky/C_Sky_Cloud_Color.uasset" 384
"../../../Engine/Content/EngineSky/C_Sky_Horizon_Color.uasset" 385
"../../../Engine/Content/EngineSky/C_Sky_Zenith_Color.uasset" 386
"../../../Engine/Content/EngineSky/T_Sky_Blue.uasset" 387
"../../../Engine/Content/EngineSky/T_Sky_Clouds_M.uasset" 388
"../../../Engine/Content/EngineSky/T_Sky_Stars.uasset" 389
"../../../Engine/Content/EngineSky/M_Sky_Panning_Clouds2.uasset" 390
"../../../Engine/Content/EngineSky/SM_SkySphere.uasset" 391
"../../../Engine/Content/EngineSky/BP_Sky_Sphere.uasset" 392
"../../../../../../Users/gofrk/Documents/Unreal Projects/ShooTingGame/Content/FourEvilDragonsHP/Animations/DragonTheSoulEater/FlyForwardAnim.uasset" 393
"../../../../../../Users/gofrk/Documents/Unreal Projects/ShooTingGame/Content/FourEvilDragonsHP/Textures/DragonTheSoulEater/GreenHPTex.uasset" 394
"../../../../../../Users/gofrk/Documents/Unreal Projects/ShooTingGame/Content/FourEvilDragonsHP/Materials/DragonTheSoulEater/GreenMat.uasset" 395
"../../../../../../Users/gofrk/Documents/Unreal Projects/ShooTingGame/Content/FourEvilDragonsHP/Meshes/DrangonTheSoulEater/DragonTheSoulEater_Physics.uasset" 396
"../../../../../../Users/gofrk/Documents/Unreal Projects/ShooTingGame/Content/FourEvilDragonsHP/Meshes/DrangonTheSoulEater/DragonTheSoulEaterSK.uasset" 397
"../../../../../../Users/gofrk/Documents/Unreal Projects/ShooTingGame/Content/Blueprint/BP_BoomDragon.uasset" 398
"../../../../../../Users/gofrk/Documents/Unreal Projects/ShooTingGame/Content/FourEvilDragonsHP/Animations/DragonTheTerrorBringer/FlyGlideAnim.uasset" 399
"../../../../../../Users/gofrk/Documents/Unreal Projects/ShooTingGame/Content/FourEvilDragonsHP/Textures/DragonTheTerrorBringer/purpleHPTex.uasset" 400
"../../../../../../Users/gofrk/Documents/Unreal Projects/ShooTingGame/Content/FourEvilDragonsHP/Materials/DragonTheTerrorBringer/PurpleMat.uasset" 401
"../../../../../../Users/gofrk/Documents/Unreal Projects/ShooTingGame/Content/FourEvilDragonsHP/Meshes/DragonTheTerrorBringer/DragonTheTerrorBringer_Physics.uasset" 402
"../../../../../../Users/gofrk/Documents/Unreal Projects/ShooTingGame/Content/FourEvilDragonsHP/Meshes/DragonTheTerrorBringer/DragonTheTerrorBringerSK.uasset" 403
"../../../../../../Users/gofrk/Documents/Unreal Projects/ShooTingGame/Content/Blueprint/BP_EnemyDragon.uasset" 404
"../../../../../../Users/gofrk/Documents/Unreal Projects/ShooTingGame/Content/Blueprint/BP_MeteoricStone.uasset" 405
"../../../../../../Users/gofrk/Documents/Unreal Projects/ShooTingGame/Content/FourEvilDragonsHP/Animations/DragonTheUsurper/FlyGlideAnim.uasset" 406
"../../../../../../Users/gofrk/Documents/Unreal Projects/ShooTingGame/Content/FourEvilDragonsHP/Textures/DragonTheUsurper/RedHPTex.uasset" 407
"../../../../../../Users/gofrk/Documents/Unreal Projects/ShooTingGame/Content/FourEvilDragonsHP/Materials/DragonTheUsurper/RedMat.uasset" 408
"../../../../../../Users/gofrk/Documents/Unreal Projects/ShooTingGame/Content/FourEvilDragonsHP/Meshes/DragonTheUsurper/DragonTheUsurper_Physics.uasset" 409
"../../../../../../Users/gofrk/Documents/Unreal Projects/ShooTingGame/Content/FourEvilDragonsHP/Meshes/DragonTheUsurper/DragonTheUsurperSK.uasset" 410
"../../../../../../Users/gofrk/Documents/Unreal Projects/ShooTingGame/Content/Blueprint/BP_MissileDragon.uasset" 411
"../../../../../../Users/gofrk/Documents/Unreal Projects/ShooTingGame/Content/StarterContent/Audio/Starter_Music_Cue.uasset" 412
"../../../../../../Users/gofrk/Documents/Unreal Projects/ShooTingGame/Content/Maps/Play_Map.umap" 413
"../../../../../../Users/gofrk/Documents/Unreal Projects/ShooTingGame/Content/FourEvilDragonsHP/Animations/DragonTheNightmare/AttackHandAnim.uasset" 414
"../../../../../../Users/gofrk/Documents/Unreal Projects/ShooTingGame/Content/FourEvilDragonsHP/Animations/DragonTheNightmare/Idle01Anim.uasset" 415
"../../../../../../Users/gofrk/Documents/Unreal Projects/ShooTingGame/Content/FourEvilDragonsHP/Animations/DragonTheNightmare/Idle02Anim.uasset" 416
"../../../../../../Users/gofrk/Documents/Unreal Projects/ShooTingGame/Content/FourEvilDragonsHP/Animations/DragonTheNightmare/ScreamAnim.uasset" 417
"../../../../../../Users/gofrk/Documents/Unreal Projects/ShooTingGame/Content/FourEvilDragonsHP/Maps/DragonTheNightmare_BuiltData.uasset" 418
"../../../../../../Users/gofrk/Documents/Unreal Projects/ShooTingGame/Content/FourEvilDragonsHP/Textures/DragonTheNightmare/BlueHPTex.uasset" 419
"../../../../../../Users/gofrk/Documents/Unreal Projects/ShooTingGame/Content/FourEvilDragonsHP/Materials/DragonTheNightmare/BlueMat.uasset" 420
"../../../../../../Users/gofrk/Documents/Unreal Projects/ShooTingGame/Content/FourEvilDragonsHP/Textures/DragonTheNightmare/GreenHPTex.uasset" 421
"../../../../../../Users/gofrk/Documents/Unreal Projects/ShooTingGame/Content/FourEvilDragonsHP/Materials/DragonTheNightmare/GreenMat.uasset" 422
"../../../../../../Users/gofrk/Documents/Unreal Projects/ShooTingGame/Content/FourEvilDragonsHP/Textures/DragonTheNightmare/DarkblueHPTex.uasset" 423
"../../../../../../Users/gofrk/Documents/Unreal Projects/ShooTingGame/Content/FourEvilDragonsHP/Materials/DragonTheNightmare/PurpleMat.uasset" 424
"../../../../../../Users/gofrk/Documents/Unreal Projects/ShooTingGame/Content/FourEvilDragonsHP/Materials/StageMat.uasset" 425
"../../../../../../Users/gofrk/Documents/Unreal Projects/ShooTingGame/Content/FourEvilDragonsHP/Textures/DragonTheNightmare/AlbinoHPTex.uasset" 426
"../../../../../../Users/gofrk/Documents/Unreal Projects/ShooTingGame/Content/FourEvilDragonsHP/Materials/DragonTheNightmare/AlbinoMat.uasset" 427
"../../../../../../Users/gofrk/Documents/Unreal Projects/ShooTingGame/Content/FourEvilDragonsHP/Meshes/DragonTheNightmare/DragonTheNightmare_Physics.uasset" 428
"../../../../../../Users/gofrk/Documents/Unreal Projects/ShooTingGame/Content/FourEvilDragonsHP/Meshes/DragonTheNightmare/DragonTheNightmareSK.uasset" 429
"../../../../../../Users/gofrk/Documents/Unreal Projects/ShooTingGame/Content/FourEvilDragonsHP/Meshes/StageSM.uasset" 430
"../../../../../../Users/gofrk/Documents/Unreal Projects/ShooTingGame/Content/FourEvilDragonsHP/Maps/DragonTheNightmare.umap" 431
"../../../../../../Users/gofrk/Documents/Unreal Projects/ShooTingGame/Content/FourEvilDragonsHP/Animations/DragonTheSoulEater/AttackFireBallAnim.uasset" 432
"../../../../../../Users/gofrk/Documents/Unreal Projects/ShooTingGame/Content/FourEvilDragonsHP/Animations/DragonTheSoulEater/FlyIdleAnim.uasset" 433
"../../../../../../Users/gofrk/Documents/Unreal Projects/ShooTingGame/Content/FourEvilDragonsHP/Animations/DragonTheSoulEater/Idle01Anim.uasset" 434
"../../../../../../Users/gofrk/Documents/Unreal Projects/ShooTingGame/Content/FourEvilDragonsHP/Animations/DragonTheSoulEater/WalkAnim.uasset" 435
"../../../../../../Users/gofrk/Documents/Unreal Projects/ShooTingGame/Content/FourEvilDragonsHP/Maps/DragonTheSoulEater_BuiltData.uasset" 436
"../../../../../../Users/gofrk/Documents/Unreal Projects/ShooTingGame/Content/FourEvilDragonsHP/Textures/DragonTheSoulEater/BlueHPTex.uasset" 437
"../../../../../../Users/gofrk/Documents/Unreal Projects/ShooTingGame/Content/FourEvilDragonsHP/Materials/DragonTheSoulEater/BlueMat.uasset" 438
"../../../../../../Users/gofrk/Documents/Unreal Projects/ShooTingGame/Content/FourEvilDragonsHP/Textures/DragonTheSoulEater/GreyHPTex.uasset" 439
"../../../../../../Users/gofrk/Documents/Unreal Projects/ShooTingGame/Content/FourEvilDragonsHP/Materials/DragonTheSoulEater/GreyMat.uasset" 440
"../../../../../../Users/gofrk/Documents/Unreal Projects/ShooTingGame/Content/FourEvilDragonsHP/Textures/DragonTheSoulEater/RedHPTex.uasset" 441
"../../../../../../Users/gofrk/Documents/Unreal Projects/ShooTingGame/Content/FourEvilDragonsHP/Materials/DragonTheSoulEater/RedMat.uasset" 442
"../../../../../../Users/gofrk/Documents/Unreal Projects/ShooTingGame/Content/FourEvilDragonsHP/Maps/DragonTheSoulEater.umap" 443
"../../../../../../Users/gofrk/Documents/Unreal Projects/ShooTingGame/Content/FourEvilDragonsHP/Animations/DragonTheTerrorBringer/AttackWingClawAnim.uasset" 444
"../../../../../../Users/gofrk/Documents/Unreal Projects/ShooTingGame/Content/FourEvilDragonsHP/Animations/DragonTheTerrorBringer/FlyIdleAnim.uasset" 445
"../../../../../../Users/gofrk/Documents/Unreal Projects/ShooTingGame/Content/FourEvilDragonsHP/Animations/DragonTheTerrorBringer/Idle01Anim.uasset" 446
"../../../../../../Users/gofrk/Documents/Unreal Projects/ShooTingGame/Content/FourEvilDragonsHP/Animations/DragonTheTerrorBringer/Idle02Anim.uasset" 447
"../../../../../../Users/gofrk/Documents/Unreal Projects/ShooTingGame/Content/FourEvilDragonsHP/Maps/DragonTheTerrorBringer_BuiltData.uasset" 448
"../../../../../../Users/gofrk/Documents/Unreal Projects/ShooTingGame/Content/FourEvilDragonsHP/Textures/DragonTheTerrorBringer/BlueHPTex.uasset" 449
"../../../../../../Users/gofrk/Documents/Unreal Projects/ShooTingGame/Content/FourEvilDragonsHP/Materials/DragonTheTerrorBringer/BlueMat.uasset" 450
"../../../../../../Users/gofrk/Documents/Unreal Projects/ShooTingGame/Content/FourEvilDragonsHP/Textures/DragonTheTerrorBringer/GreenHPTex.uasset" 451
"../../../../../../Users/gofrk/Documents/Unreal Projects/ShooTingGame/Content/FourEvilDragonsHP/Materials/DragonTheTerrorBringer/GreenMat.uasset" 452
"../../../../../../Users/gofrk/Documents/Unreal Projects/ShooTingGame/Content/FourEvilDragonsHP/Textures/DragonTheTerrorBringer/RedHPTex.uasset" 453
"../../../../../../Users/gofrk/Documents/Unreal Projects/ShooTingGame/Content/FourEvilDragonsHP/Materials/DragonTheTerrorBringer/RedMat.uasset" 454
"../../../../../../Users/gofrk/Documents/Unreal Projects/ShooTingGame/Content/FourEvilDragonsHP/Maps/DragonTheTerrorBringer.umap" 455
"../../../../../../Users/gofrk/Documents/Unreal Projects/ShooTingGame/Content/FourEvilDragonsHP/Animations/DragonTheUsurper/AttackFlameAnim.uasset" 456
"../../../../../../Users/gofrk/Documents/Unreal Projects/ShooTingGame/Content/FourEvilDragonsHP/Animations/DragonTheUsurper/FlyIdleAnim.uasset" 457
"../../../../../../Users/gofrk/Documents/Unreal Projects/ShooTingGame/Content/FourEvilDragonsHP/Animations/DragonTheUsurper/Idle01Anim.uasset" 458
"../../../../../../Users/gofrk/Documents/Unreal Projects/ShooTingGame/Content/FourEvilDragonsHP/Animations/DragonTheUsurper/Idle02Anim.uasset" 459
"../../../../../../Users/gofrk/Documents/Unreal Projects/ShooTingGame/Content/FourEvilDragonsHP/Maps/DragonTheUsurper_BuiltData.uasset" 460
"../../../../../../Users/gofrk/Documents/Unreal Projects/ShooTingGame/Content/FourEvilDragonsHP/Textures/DragonTheUsurper/BlueHPTex.uasset" 461
"../../../../../../Users/gofrk/Documents/Unreal Projects/ShooTingGame/Content/FourEvilDragonsHP/Materials/DragonTheUsurper/BlueMat.uasset" 462
"../../../../../../Users/gofrk/Documents/Unreal Projects/ShooTingGame/Content/FourEvilDragonsHP/Textures/DragonTheUsurper/GreenHPTex.uasset" 463
"../../../../../../Users/gofrk/Documents/Unreal Projects/ShooTingGame/Content/FourEvilDragonsHP/Materials/DragonTheUsurper/GreenMat.uasset" 464
"../../../../../../Users/gofrk/Documents/Unreal Projects/ShooTingGame/Content/FourEvilDragonsHP/Textures/DragonTheUsurper/PurpleHPTex.uasset" 465
"../../../../../../Users/gofrk/Documents/Unreal Projects/ShooTingGame/Content/FourEvilDragonsHP/Materials/DragonTheUsurper/PurpleMat.uasset" 466
"../../../../../../Users/gofrk/Documents/Unreal Projects/ShooTingGame/Content/FourEvilDragonsHP/Maps/DragonTheUsurper.umap" 467
"../../../../../../Users/gofrk/Documents/Unreal Projects/ShooTingGame/Content/FourEvilDragonsHP/Animations/DragonTheSoulEater/ScreamAnim.uasset" 468
"../../../../../../Users/gofrk/Documents/Unreal Projects/ShooTingGame/Content/FourEvilDragonsHP/Maps/FourEvilDragonsMP_BuiltData.uasset" 469
"../../../../../../Users/gofrk/Documents/Unreal Projects/ShooTingGame/Content/FourEvilDragonsHP/Maps/FourEvilDragonsMP.umap" 470
"../../../../../../Users/gofrk/Documents/Unreal Projects/ShooTingGame/Content/StarterContent/Blueprints/Assets/FogBrightnessLUT.uasset" 471
"../../../../../../Users/gofrk/Documents/Unreal Projects/ShooTingGame/Content/StarterContent/Blueprints/Assets/SunlightColorLUT.uasset" 472
"../../../../../../Users/gofrk/Documents/Unreal Projects/ShooTingGame/Content/StarterContent/Blueprints/Assets/M_LightStage_Arrows.uasset" 473
"../../../Engine/Content/MapTemplates/Sky/DaylightAmbientCubemap.uasset" 474
"../../../../../../Users/gofrk/Documents/Unreal Projects/ShooTingGame/Content/StarterContent/Blueprints/Assets/M_LightStage_Skybox_Master.uasset" 475
"../../../../../../Users/gofrk/Documents/Unreal Projects/ShooTingGame/Content/StarterContent/Blueprints/Assets/M_LightStage_Skybox_Black.uasset" 476
"../../../../../../Users/gofrk/Documents/Unreal Projects/ShooTingGame/Content/StarterContent/Blueprints/Assets/M_LightStage_Skybox_HDRI.uasset" 477
"../../../Engine/Content/EditorMaterials/Thumbnails/SkySphereMaterial.uasset" 478
"../../../../../../Users/gofrk/Documents/Unreal Projects/ShooTingGame/Content/StarterContent/Blueprints/Assets/Skybox.uasset" 479
"../../../../../../Users/gofrk/Documents/Unreal Projects/ShooTingGame/Content/StarterContent/Blueprints/Assets/SM_Arrows.uasset" 480
"../../../../../../Users/gofrk/Documents/Unreal Projects/ShooTingGame/Content/StarterContent/HDRI/HDRI_Epic_Courtyard_Daylight.uasset" 481
"../../../../../../Users/gofrk/Documents/Unreal Projects/ShooTingGame/Content/StarterContent/Blueprints/BP_LightStudio.uasset" 482
"../../../../../../Users/gofrk/Documents/Unreal Projects/ShooTingGame/Content/StarterContent/Maps/Advanced_Lighting_BuiltData.uasset" 483
"../../../../../../Users/gofrk/Documents/Unreal Projects/ShooTingGame/Content/StarterContent/Materials/M_AssetPlatform.uasset" 484
"../../../Engine/Content/EditorMeshes/ColorCalibrator/M_ChromeBall.uasset" 485
"../../../Engine/Content/EditorMeshes/ColorCalibrator/M_ClearCoat.uasset" 486
"../../../Engine/Content/EditorMeshes/ColorCalibrator/M_ClearCoatBlack.uasset" 487
"../../../Engine/Content/EditorMeshes/ColorCalibrator/Color_checker.uasset" 488
"../../../Engine/Content/EditorMeshes/ColorCalibrator/M_ColorGrid.uasset" 489
"../../../Engine/Content/EditorMeshes/ColorCalibrator/M_GreyBall.uasset" 490
"../../../Engine/Content/EditorMeshes/ColorCalibrator/SM_ColorCalibrator.uasset" 491
"../../../../../../Users/gofrk/Documents/Unreal Projects/ShooTingGame/Content/StarterContent/Architecture/SM_AssetPlatform.uasset" 492
"../../../../../../Users/gofrk/Documents/Unreal Projects/ShooTingGame/Content/StarterContent/Maps/Advanced_Lighting.umap" 493
"../../../../../../Users/gofrk/Documents/Unreal Projects/ShooTingGame/Content/StarterContent/Maps/Minimal_Default_BuiltData.uasset" 494
"../../../../../../Users/gofrk/Documents/Unreal Projects/ShooTingGame/Content/StarterContent/Textures/T_MacroVariation.uasset" 495
"../../../../../../Users/gofrk/Documents/Unreal Projects/ShooTingGame/Content/StarterContent/Materials/M_Metal_Brushed_Nickel.uasset" 496
"../../../../../../Users/gofrk/Documents/Unreal Projects/ShooTingGame/Content/StarterContent/Textures/T_Metal_Aluminum_D.uasset" 497
"../../../../../../Users/gofrk/Documents/Unreal Projects/ShooTingGame/Content/StarterContent/Textures/T_Metal_Gold_N.uasset" 498
"../../../../../../Users/gofrk/Documents/Unreal Projects/ShooTingGame/Content/StarterContent/Materials/M_Metal_Burnished_Steel.uasset" 499
"../../../../../../Users/gofrk/Documents/Unreal Projects/ShooTingGame/Content/StarterContent/Textures/T_Metal_Copper_D.uasset" 500
"../../../../../../Users/gofrk/Documents/Unreal Projects/ShooTingGame/Content/StarterContent/Materials/M_Metal_Copper.uasset" 501
"../../../../../../Users/gofrk/Documents/Unreal Projects/ShooTingGame/Content/StarterContent/Textures/T_Statue_M.uasset" 502
"../../../../../../Users/gofrk/Documents/Unreal Projects/ShooTingGame/Content/StarterContent/Textures/T_Statue_N.uasset" 503
"../../../../../../Users/gofrk/Documents/Unreal Projects/ShooTingGame/Content/StarterContent/Props/Materials/M_StatueGlass.uasset" 504
"../../../../../../Users/gofrk/Documents/Unreal Projects/ShooTingGame/Content/StarterContent/Architecture/Floor_400x400.uasset" 505
"../../../../../../Users/gofrk/Documents/Unreal Projects/ShooTingGame/Content/StarterContent/Audio/Starter_Background_Cue.uasset" 506
"../../../../../../Users/gofrk/Documents/Unreal Projects/ShooTingGame/Content/StarterContent/Props/SM_Chair.uasset" 507
"../../../../../../Users/gofrk/Documents/Unreal Projects/ShooTingGame/Content/StarterContent/Props/Materials/M_Statue.uasset" 508
"../../../../../../Users/gofrk/Documents/Unreal Projects/ShooTingGame/Content/StarterContent/Props/SM_Statue.uasset" 509
"../../../../../../Users/gofrk/Documents/Unreal Projects/ShooTingGame/Content/StarterContent/Textures/T_TableRound_M.uasset" 510
"../../../../../../Users/gofrk/Documents/Unreal Projects/ShooTingGame/Content/StarterContent/Textures/T_TableRound_N.uasset" 511
"../../../../../../Users/gofrk/Documents/Unreal Projects/ShooTingGame/Content/StarterContent/Props/Materials/M_TableRound.uasset" 512
"../../../../../../Users/gofrk/Documents/Unreal Projects/ShooTingGame/Content/StarterContent/Props/SM_TableRound.uasset" 513
"../../../../../../Users/gofrk/Documents/Unreal Projects/ShooTingGame/Content/StarterContent/Maps/Minimal_Default.umap" 514
"../../../../../../Users/gofrk/Documents/Unreal Projects/ShooTingGame/Content/StarterContent/Audio/Fire01_Cue.uasset" 515
"../../../../../../Users/gofrk/Documents/Unreal Projects/ShooTingGame/Content/StarterContent/Blueprints/Blueprint_Effect_Fire.uasset" 516
"../../../../../../Users/gofrk/Documents/Unreal Projects/ShooTingGame/Content/Particles/P_Smoke.uasset" 517
"../../../../../../Users/gofrk/Documents/Unreal Projects/ShooTingGame/Content/StarterContent/Audio/Smoke01_Cue.uasset" 518
"../../../../../../Users/gofrk/Documents/Unreal Projects/ShooTingGame/Content/StarterContent/Blueprints/Blueprint_Effect_Smoke.uasset" 519
"../../../../../../Users/gofrk/Documents/Unreal Projects/ShooTingGame/Content/StarterContent/Textures/T_Spark_Core.uasset" 520
"../../../../../../Users/gofrk/Documents/Unreal Projects/ShooTingGame/Content/Particles/Materials/M_Spark.uasset" 521
"../../../../../../Users/gofrk/Documents/Unreal Projects/ShooTingGame/Content/Particles/P_Sparks.uasset" 522
"../../../../../../Users/gofrk/Documents/Unreal Projects/ShooTingGame/Content/StarterContent/Audio/Fire_Sparks01_Cue.uasset" 523
"../../../../../../Users/gofrk/Documents/Unreal Projects/ShooTingGame/Content/StarterContent/Blueprints/Blueprint_Effect_Sparks.uasset" 524
"../../../../../../Users/gofrk/Documents/Unreal Projects/ShooTingGame/Content/Particles/P_Steam_Lit.uasset" 525
"../../../../../../Users/gofrk/Documents/Unreal Projects/ShooTingGame/Content/StarterContent/Audio/Steam01_Cue.uasset" 526
"../../../../../../Users/gofrk/Documents/Unreal Projects/ShooTingGame/Content/StarterContent/Blueprints/Blueprint_Effect_Steam.uasset" 527
"../../../../../../Users/gofrk/Documents/Unreal Projects/ShooTingGame/Content/StarterContent/Textures/T_Lamp_M.uasset" 528
"../../../../../../Users/gofrk/Documents/Unreal Projects/ShooTingGame/Content/StarterContent/Textures/T_Lamp_N.uasset" 529
"../../../../../../Users/gofrk/Documents/Unreal Projects/ShooTingGame/Content/StarterContent/Props/Materials/M_Lamp.uasset" 530
"../../../../../../Users/gofrk/Documents/Unreal Projects/ShooTingGame/Content/StarterContent/Props/SM_Lamp_Ceiling.uasset" 531
"../../../../../../Users/gofrk/Documents/Unreal Projects/ShooTingGame/Content/StarterContent/Blueprints/Blueprint_CeilingLight.uasset" 532
"../../../../../../Users/gofrk/Documents/Unreal Projects/ShooTingGame/Content/StarterContent/Props/SM_Lamp_Wall.uasset" 533
"../../../../../../Users/gofrk/Documents/Unreal Projects/ShooTingGame/Content/StarterContent/Blueprints/Blueprint_WallSconce.uasset" 534
"../../../../../../Users/gofrk/Documents/Unreal Projects/ShooTingGame/Content/StarterContent/Maps/StarterMap_BuiltData.uasset" 535
"../../../Engine/Content/Functions/Engine_MaterialFunctions03/Procedurals/ComputeFilterWidth.uasset" 536
"../../../Engine/Content/EngineMaterials/AntiAliasedTextMaterialTranslucent.uasset" 537
"../../../../../../Users/gofrk/Documents/Unreal Projects/ShooTingGame/Content/StarterContent/Textures/T_Brick_Clay_Beveled_D.uasset" 538
"../../../../../../Users/gofrk/Documents/Unreal Projects/ShooTingGame/Content/StarterContent/Textures/T_Brick_Clay_Beveled_M.uasset" 539
"../../../../../../Users/gofrk/Documents/Unreal Projects/ShooTingGame/Content/StarterContent/Textures/T_Brick_Clay_Beveled_N.uasset" 540
"../../../../../../Users/gofrk/Documents/Unreal Projects/ShooTingGame/Content/StarterContent/Materials/M_Brick_Clay_Beveled.uasset" 541
"../../../../../../Users/gofrk/Documents/Unreal Projects/ShooTingGame/Content/StarterContent/Textures/T_Brick_Clay_New_D.uasset" 542
"../../../../../../Users/gofrk/Documents/Unreal Projects/ShooTingGame/Content/StarterContent/Textures/T_Brick_Clay_New_M.uasset" 543
"../../../../../../Users/gofrk/Documents/Unreal Projects/ShooTingGame/Content/StarterContent/Textures/T_Brick_Clay_New_N.uasset" 544
"../../../../../../Users/gofrk/Documents/Unreal Projects/ShooTingGame/Content/StarterContent/Materials/M_Brick_Clay_New.uasset" 545
"../../../../../../Users/gofrk/Documents/Unreal Projects/ShooTingGame/Content/StarterContent/Textures/T_Brick_Clay_Old_D.uasset" 546
"../../../../../../Users/gofrk/Documents/Unreal Projects/ShooTingGame/Content/StarterContent/Textures/T_Brick_Clay_Old_N.uasset" 547
"../../../../../../Users/gofrk/Documents/Unreal Projects/ShooTingGame/Content/StarterContent/Materials/M_Brick_Clay_Old.uasset" 548
"../../../../../../Users/gofrk/Documents/Unreal Projects/ShooTingGame/Content/StarterContent/Textures/T_Brick_Cut_Stone_D.uasset" 549
"../../../../../../Users/gofrk/Documents/Unreal Projects/ShooTingGame/Content/StarterContent/Textures/T_Brick_Cut_Stone_N.uasset" 550
"../../../../../../Users/gofrk/Documents/Unreal Projects/ShooTingGame/Content/StarterContent/Materials/M_Brick_Cut_Stone.uasset" 551
"../../../../../../Users/gofrk/Documents/Unreal Projects/ShooTingGame/Content/StarterContent/Textures/T_Brick_Hewn_Stone_D.uasset" 552
"../../../../../../Users/gofrk/Documents/Unreal Projects/ShooTingGame/Content/StarterContent/Textures/T_Brick_Hewn_Stone_M.uasset" 553
"../../../../../../Users/gofrk/Documents/Unreal Projects/ShooTingGame/Content/StarterContent/Textures/T_Brick_Hewn_Stone_N.uasset" 554
"../../../../../../Users/gofrk/Documents/Unreal Projects/ShooTingGame/Content/StarterContent/Materials/M_Brick_Hewn_Stone.uasset" 555
"../../../../../../Users/gofrk/Documents/Unreal Projects/ShooTingGame/Content/StarterContent/Textures/T_Ceramic_Tile_M.uasset" 556
"../../../../../../Users/gofrk/Documents/Unreal Projects/ShooTingGame/Content/StarterContent/Textures/T_Ceramic_Tile_N.uasset" 557
"../../../../../../Users/gofrk/Documents/Unreal Projects/ShooTingGame/Content/StarterContent/Textures/T_Rock_Marble_Polished_D.uasset" 558
"../../../../../../Users/gofrk/Documents/Unreal Projects/ShooTingGame/Content/StarterContent/Materials/M_Ceramic_Tile_Checker.uasset" 559
"../../../../../../Users/gofrk/Documents/Unreal Projects/ShooTingGame/Content/StarterContent/Textures/T_CobbleStone_Pebble_D.uasset" 560
"../../../../../../Users/gofrk/Documents/Unreal Projects/ShooTingGame/Content/StarterContent/Textures/T_CobbleStone_Pebble_M.uasset" 561
"../../../../../../Users/gofrk/Documents/Unreal Projects/ShooTingGame/Content/StarterContent/Textures/T_CobbleStone_Pebble_N.uasset" 562
"../../../../../../Users/gofrk/Documents/Unreal Projects/ShooTingGame/Content/StarterContent/Materials/M_CobbleStone_Pebble.uasset" 563
"../../../../../../Users/gofrk/Documents/Unreal Projects/ShooTingGame/Content/StarterContent/Textures/T_CobbleStone_Rough_D.uasset" 564
"../../../../../../Users/gofrk/Documents/Unreal Projects/ShooTingGame/Content/StarterContent/Textures/T_CobbleStone_Rough_N.uasset" 565
"../../../../../../Users/gofrk/Documents/Unreal Projects/ShooTingGame/Content/StarterContent/Textures/T_Gradinet_01.uasset" 566
"../../../../../../Users/gofrk/Documents/Unreal Projects/ShooTingGame/Content/StarterContent/Textures/T_Rock_Smooth_Granite_D.uasset" 567
"../../../../../../Users/gofrk/Documents/Unreal Projects/ShooTingGame/Content/StarterContent/Materials/M_CobbleStone_Rough.uasset" 568
"../../../../../../Users/gofrk/Documents/Unreal Projects/ShooTingGame/Content/StarterContent/Textures/T_CobbleStone_Smooth_D.uasset" 569
"../../../../../../Users/gofrk/Documents/Unreal Projects/ShooTingGame/Content/StarterContent/Textures/T_CobbleStone_Smooth_M.uasset" 570
"../../../../../../Users/gofrk/Documents/Unreal Projects/ShooTingGame/Content/StarterContent/Textures/T_CobbleStone_Smooth_N.uasset" 571
"../../../../../../Users/gofrk/Documents/Unreal Projects/ShooTingGame/Content/StarterContent/Materials/M_CobbleStone_Smooth.uasset" 572
"../../../../../../Users/gofrk/Documents/Unreal Projects/ShooTingGame/Content/StarterContent/Textures/T_Concrete_Grime_D.uasset" 573
"../../../../../../Users/gofrk/Documents/Unreal Projects/ShooTingGame/Content/StarterContent/Textures/T_Metal_Rust_N.uasset" 574
"../../../../../../Users/gofrk/Documents/Unreal Projects/ShooTingGame/Content/StarterContent/Materials/M_Concrete_Grime.uasset" 575
"../../../../../../Users/gofrk/Documents/Unreal Projects/ShooTingGame/Content/StarterContent/Textures/T_Concrete_Panels_D.uasset" 576
"../../../../../../Users/gofrk/Documents/Unreal Projects/ShooTingGame/Content/StarterContent/Textures/T_Concrete_Panels_N.uasset" 577
"../../../../../../Users/gofrk/Documents/Unreal Projects/ShooTingGame/Content/StarterContent/Materials/M_Concrete_Panels.uasset" 578
"../../../../../../Users/gofrk/Documents/Unreal Projects/ShooTingGame/Content/StarterContent/Textures/T_Concrete_Poured_D.uasset" 579
"../../../../../../Users/gofrk/Documents/Unreal Projects/ShooTingGame/Content/StarterContent/Textures/T_Concrete_Poured_N.uasset" 580
"../../../../../../Users/gofrk/Documents/Unreal Projects/ShooTingGame/Content/StarterContent/Materials/M_Concrete_Poured.uasset" 581
"../../../../../../Users/gofrk/Documents/Unreal Projects/ShooTingGame/Content/StarterContent/Textures/T_Concrete_Tiles_D.uasset" 582
"../../../../../../Users/gofrk/Documents/Unreal Projects/ShooTingGame/Content/StarterContent/Textures/T_Concrete_Tiles_M.uasset" 583
"../../../../../../Users/gofrk/Documents/Unreal Projects/ShooTingGame/Content/StarterContent/Textures/T_Concrete_Tiles_N.uasset" 584
"../../../../../../Users/gofrk/Documents/Unreal Projects/ShooTingGame/Content/StarterContent/Textures/T_Concrete_Tiles_Variation_M.uasset" 585
"../../../../../../Users/gofrk/Documents/Unreal Projects/ShooTingGame/Content/StarterContent/Materials/M_Concrete_Tiles.uasset" 586
"../../../../../../Users/gofrk/Documents/Unreal Projects/ShooTingGame/Content/StarterContent/Textures/T_Ground_Grass_D.uasset" 587
"../../../../../../Users/gofrk/Documents/Unreal Projects/ShooTingGame/Content/StarterContent/Textures/T_Ground_Grass_N.uasset" 588
"../../../../../../Users/gofrk/Documents/Unreal Projects/ShooTingGame/Content/StarterContent/Materials/M_Ground_Grass.uasset" 589
"../../../../../../Users/gofrk/Documents/Unreal Projects/ShooTingGame/Content/StarterContent/Textures/T_Ground_Gravel_D.uasset" 590
"../../../../../../Users/gofrk/Documents/Unreal Projects/ShooTingGame/Content/StarterContent/Textures/T_Ground_Gravel_N.uasset" 591
"../../../../../../Users/gofrk/Documents/Unreal Projects/ShooTingGame/Content/StarterContent/Materials/M_Ground_Gravel.uasset" 592
"../../../../../../Users/gofrk/Documents/Unreal Projects/ShooTingGame/Content/StarterContent/Textures/T_ground_Moss_D.uasset" 593
"../../../../../../Users/gofrk/Documents/Unreal Projects/ShooTingGame/Content/StarterContent/Textures/T_Ground_Moss_N.uasset" 594
"../../../../../../Users/gofrk/Documents/Unreal Projects/ShooTingGame/Content/StarterContent/Materials/M_Ground_Moss.uasset" 595
"../../../../../../Users/gofrk/Documents/Unreal Projects/ShooTingGame/Content/StarterContent/Materials/M_Metal_Chrome.uasset" 596
"../../../../../../Users/gofrk/Documents/Unreal Projects/ShooTingGame/Content/StarterContent/Textures/T_Metal_Gold_D.uasset" 597
"../../../../../../Users/gofrk/Documents/Unreal Projects/ShooTingGame/Content/StarterContent/Materials/M_Metal_Gold.uasset" 598
"../../../../../../Users/gofrk/Documents/Unreal Projects/ShooTingGame/Content/StarterContent/Textures/T_Metal_Rust_D.uasset" 599
"../../../../../../Users/gofrk/Documents/Unreal Projects/ShooTingGame/Content/StarterContent/Materials/M_Metal_Rust.uasset" 600
"../../../../../../Users/gofrk/Documents/Unreal Projects/ShooTingGame/Content/StarterContent/Textures/T_Metal_Steel_D.uasset" 601
"../../../../../../Users/gofrk/Documents/Unreal Projects/ShooTingGame/Content/StarterContent/Textures/T_Metal_Steel_N.uasset" 602
"../../../../../../Users/gofrk/Documents/Unreal Projects/ShooTingGame/Content/StarterContent/Materials/M_Metal_Steel.uasset" 603
"../../../../../../Users/gofrk/Documents/Unreal Projects/ShooTingGame/Content/StarterContent/Textures/T_Rock_Basalt_N.uasset" 604
"../../../../../../Users/gofrk/Documents/Unreal Projects/ShooTingGame/Content/StarterContent/Materials/M_Rock_Basalt.uasset" 605
"../../../../../../Users/gofrk/Documents/Unreal Projects/ShooTingGame/Content/StarterContent/Materials/M_Rock_Marble_Polished.uasset" 606
"../../../../../../Users/gofrk/Documents/Unreal Projects/ShooTingGame/Content/StarterContent/Textures/T_Rock_Sandstone_D.uasset" 607
"../../../../../../Users/gofrk/Documents/Unreal Projects/ShooTingGame/Content/StarterContent/Textures/T_Rock_Sandstone_N.uasset" 608
"../../../../../../Users/gofrk/Documents/Unreal Projects/ShooTingGame/Content/StarterContent/Materials/M_Rock_Sandstone.uasset" 609
"../../../../../../Users/gofrk/Documents/Unreal Projects/ShooTingGame/Content/StarterContent/Textures/T_Rock_Slate_D.uasset" 610
"../../../../../../Users/gofrk/Documents/Unreal Projects/ShooTingGame/Content/StarterContent/Textures/T_Rock_Slate_N.uasset" 611
"../../../../../../Users/gofrk/Documents/Unreal Projects/ShooTingGame/Content/StarterContent/Materials/M_Rock_Slate.uasset" 612
"../../../../../../Users/gofrk/Documents/Unreal Projects/ShooTingGame/Content/StarterContent/Textures/T_Checker_Noise_M.uasset" 613
"../../../../../../Users/gofrk/Documents/Unreal Projects/ShooTingGame/Content/StarterContent/Textures/T_Single_Tile_N.uasset" 614
"../../../../../../Users/gofrk/Documents/Unreal Projects/ShooTingGame/Content/StarterContent/Textures/T_Tech_Dot_M.uasset" 615
"../../../../../../Users/gofrk/Documents/Unreal Projects/ShooTingGame/Content/StarterContent/Textures/T_Tech_Dot_N.uasset" 616
"../../../../../../Users/gofrk/Documents/Unreal Projects/ShooTingGame/Content/StarterContent/Materials/M_Tech_Checker_Dot.uasset" 617
"../../../../../../Users/gofrk/Documents/Unreal Projects/ShooTingGame/Content/StarterContent/Materials/M_Tech_Hex_Tile_Pulse.uasset" 618
"../../../../../../Users/gofrk/Documents/Unreal Projects/ShooTingGame/Content/StarterContent/Textures/T_Tech_Panel_M.uasset" 619
"../../../../../../Users/gofrk/Documents/Unreal Projects/ShooTingGame/Content/StarterContent/Textures/T_Tech_Panel_N.uasset" 620
"../../../../../../Users/gofrk/Documents/Unreal Projects/ShooTingGame/Content/StarterContent/Materials/M_Tech_Panel.uasset" 621
"../../../../../../Users/gofrk/Documents/Unreal Projects/ShooTingGame/Content/StarterContent/Materials/M_Water_Lake.uasset" 622
"../../../../../../Users/gofrk/Documents/Unreal Projects/ShooTingGame/Content/StarterContent/Textures/T_Water_M.uasset" 623
"../../../../../../Users/gofrk/Documents/Unreal Projects/ShooTingGame/Content/StarterContent/Materials/M_Water_Ocean.uasset" 624
"../../../Engine/Content/Functions/Engine_MaterialFunctions01/Opacity/AlphaOffset.uasset" 625
"../../../../../../Users/gofrk/Documents/Unreal Projects/ShooTingGame/Content/StarterContent/Materials/M_Wood_Floor_Walnut_Worn.uasset" 626
"../../../../../../Users/gofrk/Documents/Unreal Projects/ShooTingGame/Content/StarterContent/Textures/T_Wood_Oak_D.uasset" 627
"../../../../../../Users/gofrk/Documents/Unreal Projects/ShooTingGame/Content/StarterContent/Textures/T_Wood_Oak_N.uasset" 628
"../../../../../../Users/gofrk/Documents/Unreal Projects/ShooTingGame/Content/StarterContent/Materials/M_Wood_Oak.uasset" 629
"../../../../../../Users/gofrk/Documents/Unreal Projects/ShooTingGame/Content/StarterContent/Textures/T_Wood_Pine_D.uasset" 630
"../../../../../../Users/gofrk/Documents/Unreal Projects/ShooTingGame/Content/StarterContent/Textures/T_Wood_Pine_N.uasset" 631
"../../../../../../Users/gofrk/Documents/Unreal Projects/ShooTingGame/Content/StarterContent/Materials/M_Wood_Pine.uasset" 632
"../../../../../../Users/gofrk/Documents/Unreal Projects/ShooTingGame/Content/StarterContent/Textures/T_Wood_Walnut_D.uasset" 633
"../../../../../../Users/gofrk/Documents/Unreal Projects/ShooTingGame/Content/StarterContent/Textures/T_Wood_Walnut_N.uasset" 634
"../../../../../../Users/gofrk/Documents/Unreal Projects/ShooTingGame/Content/StarterContent/Materials/M_Wood_Walnut.uasset" 635
"../../../../../../Users/gofrk/Documents/Unreal Projects/ShooTingGame/Content/StarterContent/Architecture/Wall_400x200.uasset" 636
"../../../../../../Users/gofrk/Documents/Unreal Projects/ShooTingGame/Content/StarterContent/Architecture/Wall_Door_400x300.uasset" 637
"../../../../../../Users/gofrk/Documents/Unreal Projects/ShooTingGame/Content/StarterContent/Architecture/Wall_Window_400x300.uasset" 638
"../../../../../../Users/gofrk/Documents/Unreal Projects/ShooTingGame/Content/StarterContent/Audio/Collapse_Cue.uasset" 639
"../../../../../../Users/gofrk/Documents/Unreal Projects/ShooTingGame/Content/StarterContent/Textures/T_Dust_Particle_D.uasset" 640
"../../../../../../Users/gofrk/Documents/Unreal Projects/ShooTingGame/Content/Particles/Materials/M_Dust_Particle.uasset" 641
"../../../../../../Users/gofrk/Documents/Unreal Projects/ShooTingGame/Content/Particles/P_Ambient_Dust.uasset" 642
"../../../../../../Users/gofrk/Documents/Unreal Projects/ShooTingGame/Content/StarterContent/Particles/P_Ambient_Dust.uasset" 643
"../../../../../../Users/gofrk/Documents/Unreal Projects/ShooTingGame/Content/StarterContent/Props/MaterialSphere.uasset" 644
"../../../../../../Users/gofrk/Documents/Unreal Projects/ShooTingGame/Content/StarterContent/Textures/T_Frame_M.uasset" 645
"../../../../../../Users/gofrk/Documents/Unreal Projects/ShooTingGame/Content/StarterContent/Textures/T_Frame_N.uasset" 646
"../../../../../../Users/gofrk/Documents/Unreal Projects/ShooTingGame/Content/StarterContent/Props/Materials/M_Frame.uasset" 647
"../../../../../../Users/gofrk/Documents/Unreal Projects/ShooTingGame/Content/StarterContent/Props/SM_CornerFrame.uasset" 648
"../../../../../../Users/gofrk/Documents/Unreal Projects/ShooTingGame/Content/StarterContent/Props/SM_DoorFrame.uasset" 649
"../../../../../../Users/gofrk/Documents/Unreal Projects/ShooTingGame/Content/StarterContent/Props/SM_GlassWindow.uasset" 650
"../../../../../../Users/gofrk/Documents/Unreal Projects/ShooTingGame/Content/StarterContent/Props/SM_PillarFrame.uasset" 651
"../../../../../../Users/gofrk/Documents/Unreal Projects/ShooTingGame/Content/StarterContent/Props/SM_PillarFrame300.uasset" 652
"../../../../../../Users/gofrk/Documents/Unreal Projects/ShooTingGame/Content/StarterContent/Props/SM_WindowFrame.uasset" 653
"../../../../../../Users/gofrk/Documents/Unreal Projects/ShooTingGame/Content/StarterContent/Shapes/Shape_Cube.uasset" 654
"../../../../../../Users/gofrk/Documents/Unreal Projects/ShooTingGame/Content/StarterContent/Shapes/Shape_QuadPyramid.uasset" 655
"../../../../../../Users/gofrk/Documents/Unreal Projects/ShooTingGame/Content/StarterContent/Shapes/Shape_Sphere.uasset" 656
"../../../../../../Users/gofrk/Documents/Unreal Projects/ShooTingGame/Content/StarterContent/Maps/StarterMap.umap" 657
"../../../Engine/Content/Maps/Entry_BuiltData.uasset" 658
"../../../Engine/Content/Maps/Entry.umap" 659
